<?xml version="1.0" encoding="UTF-8"?>
<testsuite name="jp.ox.doorbell.ManualSipCallLifecycleTest" tests="9" skipped="0" failures="0" errors="0" timestamp="2026-09-22T12:58:06" hostname="MacBookPro.local" time="0.003">
  <properties/>
  <testcase name="anotherOwnerCanWinBeforeTheAnswerInviteEstablishes" classname="jp.ox.doorbell.ManualSipCallLifecycleTest" time="0.001"/>
  <testcase name="competingClaimInvalidatesAnEndedReportQueuedForCore" classname="jp.ox.doorbell.ManualSipCallLifecycleTest" time="0.001"/>
  <testcase name="staleCallCannotProduceLifecycleReports" classname="jp.ox.doorbell.ManualSipCallLifecycleTest" time="0.0"/>
  <testcase name="theLocalDialogOwnerPreservesTheBindingUntilActualIdle" classname="jp.ox.doorbell.ManualSipCallLifecycleTest" time="0.0"/>
  <testcase name="currentStageAdvanceIsUsedAndFailedInviteDoesNotReportEnded" classname="jp.ox.doorbell.ManualSipCallLifecycleTest" time="0.0"/>
  <testcase name="anotherDialogOwnerClearsAnEstablishedLegWithoutReportingEnded" classname="jp.ox.doorbell.ManualSipCallLifecycleTest" time="0.0"/>
  <testcase name="newerPurposeClearsAnsweredBindingAndLosingIdleCannotEndTheNewRevision" classname="jp.ox.doorbell.ManualSipCallLifecycleTest" time="0.001"/>
  <testcase name="abandoningAnActivityClearsOnlyAnUnestablishedBinding" classname="jp.ox.doorbell.ManualSipCallLifecycleTest" time="0.0"/>
  <testcase name="onlyABoundAnswerLegReportsActualEstablishedAndEndedTransitions" classname="jp.ox.doorbell.ManualSipCallLifecycleTest" time="0.0"/>
  <system-out><![CDATA[]]></system-out>
  <system-err><![CDATA[]]></system-err>
</testsuite>
