<?xml version="1.0" encoding="UTF-8"?>
<testsuite name="jp.ox.doorbell.ClusterDateTextTest" tests="4" skipped="0" failures="0" errors="0" timestamp="2026-09-22T17:15:24" hostname="MacBookPro.local" time="0.111">
  <properties/>
  <testcase name="deviceZoneCannotChangeTheCoreCalendarDate" classname="jp.ox.doorbell.ClusterDateTextTest" time="0.057"/>
  <testcase name="unavailableCoreCalendarIsPreservedWithoutAnOsClockFallback" classname="jp.ox.doorbell.ClusterDateTextTest" time="0.015"/>
  <testcase name="languageChangesUpdateTheSameCoreDateImmediately" classname="jp.ox.doorbell.ClusterDateTextTest" time="0.023"/>
  <testcase name="midnightAndCalendarChangesHaveNoCachedWeekday" classname="jp.ox.doorbell.ClusterDateTextTest" time="0.016"/>
  <system-out><![CDATA[]]></system-out>
  <system-err><![CDATA[]]></system-err>
</testsuite>
