<?xml version="1.0" encoding="UTF-8"?>
<testsuite name="jp.ox.doorbell.AndroidUiManifestTest" tests="2" skipped="0" failures="0" errors="0" timestamp="2026-09-22T17:15:24" hostname="MacBookPro.local" time="0.026">
  <properties/>
  <testcase name="capabilitiesPublishShellFeaturesInTheVersionedMap" classname="jp.ox.doorbell.AndroidUiManifestTest" time="0.012"/>
  <testcase name="sosControlsAreSafetyCriticalAndTouchFloorIs48Dp" classname="jp.ox.doorbell.AndroidUiManifestTest" time="0.014"/>
  <system-out><![CDATA[]]></system-out>
  <system-err><![CDATA[]]></system-err>
</testsuite>
