<?xml version="1.0" encoding="UTF-8"?>
<testsuite name="jp.ox.doorbell.HistoryPagingTest" tests="7" skipped="0" failures="0" errors="0" timestamp="2026-09-22T17:15:24" hostname="MacBookPro.local" time="0.003">
  <properties/>
  <testcase name="appendingAPageKeepsOrderAndDropsRowsAlreadyHeld" classname="jp.ox.doorbell.HistoryPagingTest" time="0.001"/>
  <testcase name="theNextPageContinuesFromTheOldestRowAlreadyShown" classname="jp.ox.doorbell.HistoryPagingTest" time="0.0"/>
  <testcase name="aFullPageMeansThereMayBeMoreAndAShortOneIsTheEnd" classname="jp.ox.doorbell.HistoryPagingTest" time="0.0"/>
  <testcase name="anOverlappingPageIsDeduplicatedByRowIdentity" classname="jp.ox.doorbell.HistoryPagingTest" time="0.0"/>
  <testcase name="theV1FallbackStillSlicesAGrowingPrefix" classname="jp.ox.doorbell.HistoryPagingTest" time="0.0"/>
  <testcase name="anEmptyListAsksCoreForTheNewestRows" classname="jp.ox.doorbell.HistoryPagingTest" time="0.0"/>
  <testcase name="anEmptyPageLeavesWhatIsAlreadyShownUntouched" classname="jp.ox.doorbell.HistoryPagingTest" time="0.0"/>
  <system-out><![CDATA[]]></system-out>
  <system-err><![CDATA[]]></system-err>
</testsuite>
