<?xml version="1.0" encoding="UTF-8"?>
<testsuite name="jp.ox.doorbell.SurfacePaletteTest" tests="5" skipped="0" failures="0" errors="0" timestamp="2026-09-22T17:15:24" hostname="MacBookPro.local" time="0.002">
  <properties/>
  <testcase name="inkOnAPaintedSurfaceIgnoresTheWallpaper" classname="jp.ox.doorbell.SurfacePaletteTest" time="0.001"/>
  <testcase name="aDarkClusterKeepsDarkSurfacesOverEitherWallpaper" classname="jp.ox.doorbell.SurfacePaletteTest" time="0.0"/>
  <testcase name="theWallpaperNeverMovesASurface" classname="jp.ox.doorbell.SurfacePaletteTest" time="0.0"/>
  <testcase name="inkOnTheBarePictureFollowsTheMeasuredRegion" classname="jp.ox.doorbell.SurfacePaletteTest" time="0.001"/>
  <testcase name="aLightClusterKeepsLightSurfacesOverEitherWallpaper" classname="jp.ox.doorbell.SurfacePaletteTest" time="0.0"/>
  <system-out><![CDATA[]]></system-out>
  <system-err><![CDATA[]]></system-err>
</testsuite>
