<?xml version="1.0" encoding="UTF-8"?>
<testsuite name="jp.ox.doorbell.CrashLoopStoreTest" tests="7" skipped="0" failures="0" errors="0" timestamp="2026-09-22T17:27:15" hostname="MacBookPro.local" time="0.013">
  <properties/>
  <testcase name="packageReplacementDoesNotCountAsCrash" classname="jp.ox.doorbell.CrashLoopStoreTest" time="0.002"/>
  <testcase name="oneProcessCanContributeOnlyOneCrashRecord" classname="jp.ox.doorbell.CrashLoopStoreTest" time="0.002"/>
  <testcase name="openSessionDetectsNativeOrLmkStyleExit" classname="jp.ox.doorbell.CrashLoopStoreTest" time="0.001"/>
  <testcase name="stableFiveMinuteSessionClearsCrashLoop" classname="jp.ox.doorbell.CrashLoopStoreTest" time="0.003"/>
  <testcase name="threeCrashesKeepDiagnosticsWithoutDisablingMedia" classname="jp.ox.doorbell.CrashLoopStoreTest" time="0.004"/>
  <testcase name="generationAndBoundedExitReasonSurviveReload" classname="jp.ox.doorbell.CrashLoopStoreTest" time="0.001"/>
  <testcase name="recoveryBackoffIsBoundedAndExact" classname="jp.ox.doorbell.CrashLoopStoreTest" time="0.0"/>
  <system-out><![CDATA[]]></system-out>
  <system-err><![CDATA[]]></system-err>
</testsuite>
