<?xml version="1.0" encoding="UTF-8"?>
<testsuite name="jp.ox.doorbell.H264CommissioningTest" tests="4" skipped="0" failures="0" errors="0" timestamp="2026-09-22T17:27:15" hostname="MacBookPro.local" time="0.004">
  <properties/>
  <testcase name="api19OperatingPointIgnoresUnsafeConfiguration" classname="jp.ox.doorbell.H264CommissioningTest" time="0.001"/>
  <testcase name="measurementIsBoundToExactArtifactFingerprintAndCodec" classname="jp.ox.doorbell.H264CommissioningTest" time="0.003"/>
  <testcase name="artifactSourceIdentityIsAFullSha256" classname="jp.ox.doorbell.H264CommissioningTest" time="0.0"/>
  <testcase name="incompleteOrOutOfWindowEvidenceCannotCommission" classname="jp.ox.doorbell.H264CommissioningTest" time="0.0"/>
  <system-out><![CDATA[]]></system-out>
  <system-err><![CDATA[]]></system-err>
</testsuite>
