<?xml version="1.0" encoding="UTF-8"?>
<testsuite name="jp.ox.doorbell.ReturnCountdownTest" tests="9" skipped="0" failures="0" errors="0" timestamp="2026-09-22T17:27:15" hostname="MacBookPro.local" time="0.001">
  <properties/>
  <testcase name="endingTheCallRestartsFromTheFullValueNotTheRemainder" classname="jp.ox.doorbell.ReturnCountdownTest" time="0.001"/>
  <testcase name="itCountsDownAndThenReturnsHome" classname="jp.ox.doorbell.ReturnCountdownTest" time="0.0"/>
  <testcase name="theSuffixIsOnlyEverShownWhileRunning" classname="jp.ox.doorbell.ReturnCountdownTest" time="0.0"/>
  <testcase name="aCancelledCountdownIsNotRevivedByACall" classname="jp.ox.doorbell.ReturnCountdownTest" time="0.0"/>
  <testcase name="anElapsedCountdownStaysElapsed" classname="jp.ox.doorbell.ReturnCountdownTest" time="0.0"/>
  <testcase name="tappingTheNumberStopsTheCountdownAndKeepsThePage" classname="jp.ox.doorbell.ReturnCountdownTest" time="0.0"/>
  <testcase name="aVisitorCancellingTheCallDoesNotCloseThePage" classname="jp.ox.doorbell.ReturnCountdownTest" time="0.0"/>
  <testcase name="theLengthComesFromStatusThenConfigurationThenSixtySeconds" classname="jp.ox.doorbell.ReturnCountdownTest" time="0.0"/>
  <testcase name="answeringPausesTheCountdownAndHidesTheSuffix" classname="jp.ox.doorbell.ReturnCountdownTest" time="0.0"/>
  <system-out><![CDATA[]]></system-out>
  <system-err><![CDATA[]]></system-err>
</testsuite>
