<?xml version="1.0" encoding="UTF-8"?>
<testsuite name="jp.ox.doorbell.CallRevisionLifecycleTest" tests="2" skipped="0" failures="0" errors="0" timestamp="2026-09-22T17:27:15" hostname="MacBookPro.local" time="0.001">
  <properties/>
  <testcase name="monitorOnlyRevisionAdvanceDoesNotSuppressItsIdle" classname="jp.ox.doorbell.CallRevisionLifecycleTest" time="0.001"/>
  <testcase name="answeredRevisionZeroYieldsToPurposeRevisionOneAndItsIdleKeepsRinging" classname="jp.ox.doorbell.CallRevisionLifecycleTest" time="0.0"/>
  <system-out><![CDATA[]]></system-out>
  <system-err><![CDATA[]]></system-err>
</testsuite>
