<?xml version="1.0" encoding="UTF-8"?>
<testsuite name="jp.ox.doorbell.PairingPersistenceGateTest" tests="3" skipped="0" failures="0" errors="0" timestamp="2026-09-22T12:59:05" hostname="MacBookPro.local" time="0.0">
  <properties/>
  <testcase name="corePersistenceErrorRevokesAPreviouslyReadyShell" classname="jp.ox.doorbell.PairingPersistenceGateTest" time="0.0"/>
  <testcase name="successRequiresTheCanonicalReferenceAndAtomicBootCommit" classname="jp.ox.doorbell.PairingPersistenceGateTest" time="0.0"/>
  <testcase name="pollingStaysBlockedAfterBootPersistenceFailure" classname="jp.ox.doorbell.PairingPersistenceGateTest" time="0.0"/>
  <system-out><![CDATA[]]></system-out>
  <system-err><![CDATA[]]></system-err>
</testsuite>
