<?xml version="1.0" encoding="UTF-8"?>
<testsuite name="jp.ox.doorbell.Api19ReleaseQualificationTest" tests="3" skipped="0" failures="0" errors="0" timestamp="2026-09-22T12:59:05" hostname="MacBookPro.local" time="0.023">
  <properties/>
  <testcase name="hashMismatchMissingArtifactAndArbitraryHashCannotQualify" classname="jp.ox.doorbell.Api19ReleaseQualificationTest" time="0.006"/>
  <testcase name="reportMustBindExactIdentityAndEveryHardwareGate" classname="jp.ox.doorbell.Api19ReleaseQualificationTest" time="0.012"/>
  <testcase name="qualificationRequiresExactFingerprintCodecAndEvidenceReport" classname="jp.ox.doorbell.Api19ReleaseQualificationTest" time="0.004"/>
  <system-out><![CDATA[]]></system-out>
  <system-err><![CDATA[]]></system-err>
</testsuite>
