<?xml version="1.0" encoding="UTF-8"?>
<testsuite name="jp.ox.doorbell.RootKeepaliveProtocolTest" tests="3" skipped="0" failures="0" errors="0" timestamp="2026-09-22T12:59:05" hostname="MacBookPro.local" time="0.002">
  <properties/>
  <testcase name="usesTheFixedAndroidProfileCommandsAndSocket" classname="jp.ox.doorbell.RootKeepaliveProtocolTest" time="0.001"/>
  <testcase name="parsesOnlyTheFrozenVersionOneReplyShape" classname="jp.ox.doorbell.RootKeepaliveProtocolTest" time="0.001"/>
  <testcase name="rejectsMissingExtraOrWrongTypedReplyFields" classname="jp.ox.doorbell.RootKeepaliveProtocolTest" time="0.0"/>
  <system-out><![CDATA[]]></system-out>
  <system-err><![CDATA[]]></system-err>
</testsuite>
