<?xml version="1.0" encoding="UTF-8"?>
<testsuite name="jp.ox.doorbell.HelperModePolicyTest" tests="5" skipped="0" failures="0" errors="0" timestamp="2026-09-22T12:59:05" hostname="MacBookPro.local" time="0.001">
  <properties/>
  <testcase name="onForcesTheHelperAndReportsMissingInstallation" classname="jp.ox.doorbell.HelperModePolicyTest" time="0.001"/>
  <testcase name="nativeKioskRequiresThreeConsecutiveFailedMeasurements" classname="jp.ox.doorbell.HelperModePolicyTest" time="0.0"/>
  <testcase name="offNeverUsesTheHelper" classname="jp.ox.doorbell.HelperModePolicyTest" time="0.0"/>
  <testcase name="missingDefaultsToAutoButArbitraryInputFailsClosedToOff" classname="jp.ox.doorbell.HelperModePolicyTest" time="0.0"/>
  <testcase name="autoUsesAnInstalledHelperOnlyForUnavailableOrUnhealthyNativeKiosk" classname="jp.ox.doorbell.HelperModePolicyTest" time="0.0"/>
  <system-out><![CDATA[]]></system-out>
  <system-err><![CDATA[]]></system-err>
</testsuite>
