<?xml version="1.0" encoding="UTF-8"?>
<testsuite name="jp.ox.doorbell.DeviceAlertChannelContractTest" tests="3" skipped="0" failures="0" errors="0" timestamp="2026-09-22T17:14:56" hostname="MacBookPro.local" time="0.002">
  <properties/>
  <testcase name="rejectionAndExpiryRemainDistinctFromUnsupported" classname="jp.ox.doorbell.DeviceAlertChannelContractTest" time="0.001"/>
  <testcase name="runtimeReportKeepsLegacySummaryAndAddsMeasuredChannelResults" classname="jp.ox.doorbell.DeviceAlertChannelContractTest" time="0.001"/>
  <testcase name="capabilitiesPublishOnlyNativeChannelsAndExplicitlyRejectWebPush" classname="jp.ox.doorbell.DeviceAlertChannelContractTest" time="0.0"/>
  <system-out><![CDATA[]]></system-out>
  <system-err><![CDATA[]]></system-err>
</testsuite>
