<?xml version="1.0" encoding="UTF-8"?>
<testsuite name="jp.ox.doorbell.AndroidUiManifestTest" tests="2" skipped="0" failures="0" errors="0" timestamp="2026-09-22T17:14:55" hostname="MacBookPro.local" time="0.029">
  <properties/>
  <testcase name="capabilitiesPublishShellFeaturesInTheVersionedMap" classname="jp.ox.doorbell.AndroidUiManifestTest" time="0.01"/>
  <testcase name="sosControlsAreSafetyCriticalAndTouchFloorIs48Dp" classname="jp.ox.doorbell.AndroidUiManifestTest" time="0.018"/>
  <system-out><![CDATA[]]></system-out>
  <system-err><![CDATA[]]></system-err>
</testsuite>
