<?xml version="1.0" encoding="UTF-8"?>
<testsuite name="jp.ox.doorbell.AvcByteStreamTest" tests="3" skipped="0" failures="0" errors="0" timestamp="2026-09-22T17:14:55" hostname="MacBookPro.local" time="0.006">
  <properties/>
  <testcase name="convertsNv21ToNv12AndI420" classname="jp.ox.doorbell.AvcByteStreamTest" time="0.004"/>
  <testcase name="rejectsTruncatedAvcc" classname="jp.ox.doorbell.AvcByteStreamTest" time="0.001"/>
  <testcase name="normalizesAvccAndReadsBaselineProfile" classname="jp.ox.doorbell.AvcByteStreamTest" time="0.0"/>
  <system-out><![CDATA[]]></system-out>
  <system-err><![CDATA[]]></system-err>
</testsuite>
