<?xml version="1.0" encoding="UTF-8"?>
<testsuite name="jp.ox.doorbell.OperationalCapabilityMeasurementTest" tests="2" skipped="0" failures="0" errors="0" timestamp="2026-09-22T17:14:56" hostname="MacBookPro.local" time="0.0">
  <properties/>
  <testcase name="wanIsNotInferredFromLocalConnectivityAndMainsUsesMeasuredPower" classname="jp.ox.doorbell.OperationalCapabilityMeasurementTest" time="0.0"/>
  <testcase name="chargingFullOrPluggedStatesCountAsMainsPower" classname="jp.ox.doorbell.OperationalCapabilityMeasurementTest" time="0.0"/>
  <system-out><![CDATA[]]></system-out>
  <system-err><![CDATA[]]></system-err>
</testsuite>
