<?xml version="1.0" encoding="UTF-8"?>
<testsuite name="jp.ox.doorbell.UiContrastTest" tests="14" skipped="0" failures="0" errors="0" timestamp="2026-09-22T17:14:56" hostname="MacBookPro.local" time="0.002">
  <properties/>
  <testcase name="colourParsingAcceptsOnlySixDigitHex" classname="jp.ox.doorbell.UiContrastTest" time="0.0"/>
  <testcase name="theAutomaticCallButtonSeparatesFromTheBackgroundAndCarriesReadableText" classname="jp.ox.doorbell.UiContrastTest" time="0.0"/>
  <testcase name="theAutomaticCallButtonGoesDarkOnALightBackground" classname="jp.ox.doorbell.UiContrastTest" time="0.0"/>
  <testcase name="aMidToneBackgroundTakesDarkInkBecauseContrastIsNotLinearInLuminance" classname="jp.ox.doorbell.UiContrastTest" time="0.0"/>
  <testcase name="contrastIsSymmetricAndBoundedByBlackOnWhite" classname="jp.ox.doorbell.UiContrastTest" time="0.001"/>
  <testcase name="oppositeImagesProduceOppositeInks" classname="jp.ox.doorbell.UiContrastTest" time="0.0"/>
  <testcase name="theInkChosenIsWhicheverActuallyReadsBetter" classname="jp.ox.doorbell.UiContrastTest" time="0.0"/>
  <testcase name="theAdvisoryRatioIsRenderedWithOneDecimal" classname="jp.ox.doorbell.UiContrastTest" time="0.0"/>
  <testcase name="luminanceMatchesTheWcagReferenceValues" classname="jp.ox.doorbell.UiContrastTest" time="0.0"/>
  <testcase name="hueRotatesByHalfTheWheel" classname="jp.ox.doorbell.UiContrastTest" time="0.001"/>
  <testcase name="aGenuinelyDarkMidToneStillTakesLightInk" classname="jp.ox.doorbell.UiContrastTest" time="0.0"/>
  <testcase name="averagingAnImageRegionIgnoresFullyTransparentPixels" classname="jp.ox.doorbell.UiContrastTest" time="0.0"/>
  <testcase name="theTextShadowIsAddedOnlyWhenTheChosenInkFallsShort" classname="jp.ox.doorbell.UiContrastTest" time="0.0"/>
  <testcase name="theInkCrossoverSitsWellBelowTheLuminanceMidpoint" classname="jp.ox.doorbell.UiContrastTest" time="0.0"/>
  <system-out><![CDATA[]]></system-out>
  <system-err><![CDATA[]]></system-err>
</testsuite>
