<?xml version="1.0" encoding="UTF-8"?>
<testsuite name="jp.ox.doorbell.CrashLoopStoreTest" tests="7" skipped="0" failures="0" errors="0" timestamp="2026-09-22T17:14:56" hostname="MacBookPro.local" time="0.02">
  <properties/>
  <testcase name="packageReplacementDoesNotCountAsCrash" classname="jp.ox.doorbell.CrashLoopStoreTest" time="0.007"/>
  <testcase name="oneProcessCanContributeOnlyOneCrashRecord" classname="jp.ox.doorbell.CrashLoopStoreTest" time="0.003"/>
  <testcase name="openSessionDetectsNativeOrLmkStyleExit" classname="jp.ox.doorbell.CrashLoopStoreTest" time="0.001"/>
  <testcase name="stableFiveMinuteSessionClearsCrashLoop" classname="jp.ox.doorbell.CrashLoopStoreTest" time="0.002"/>
  <testcase name="threeCrashesKeepDiagnosticsWithoutDisablingMedia" classname="jp.ox.doorbell.CrashLoopStoreTest" time="0.003"/>
  <testcase name="generationAndBoundedExitReasonSurviveReload" classname="jp.ox.doorbell.CrashLoopStoreTest" time="0.001"/>
  <testcase name="recoveryBackoffIsBoundedAndExact" classname="jp.ox.doorbell.CrashLoopStoreTest" time="0.001"/>
  <system-out><![CDATA[]]></system-out>
  <system-err><![CDATA[]]></system-err>
</testsuite>
