<?xml version="1.0" encoding="UTF-8"?>
<testsuite name="jp.ox.doorbell.UiStylePolicyTest" tests="5" skipped="0" failures="0" errors="0" timestamp="2026-09-22T17:26:48" hostname="MacBookPro.local" time="0.004">
  <properties/>
  <testcase name="applicationReportSeparatesValidationAndPersistenceFailures" classname="jp.ox.doorbell.UiStylePolicyTest" time="0.0"/>
  <testcase name="strictColorsAndEffectiveSingleFieldContrastAreEnforced" classname="jp.ox.doorbell.UiStylePolicyTest" time="0.001"/>
  <testcase name="invalidProposalUsesOnlyARevalidatedLastKnownGoodStyle" classname="jp.ox.doorbell.UiStylePolicyTest" time="0.001"/>
  <testcase name="safetyControlsCannotShrinkAndUnsupportedPropertiesFailClosed" classname="jp.ox.doorbell.UiStylePolicyTest" time="0.001"/>
  <testcase name="accentBorderAndRadiusAreValidatedAndRetainedForRendering" classname="jp.ox.doorbell.UiStylePolicyTest" time="0.001"/>
  <system-out><![CDATA[]]></system-out>
  <system-err><![CDATA[]]></system-err>
</testsuite>
