<?xml version="1.0" encoding="UTF-8"?>
<testsuite name="jp.ox.doorbell.BootConfigPairingTest" tests="7" skipped="0" failures="0" errors="0" timestamp="2026-09-22T17:26:48" hostname="MacBookPro.local" time="0.016">
  <properties/>
  <testcase name="legacyProfileWithoutExplicitConfirmationRequiresSetupOnce" classname="jp.ox.doorbell.BootConfigPairingTest" time="0.004"/>
  <testcase name="reportsFailureWithoutReplacingThePrimaryGeneration" classname="jp.ox.doorbell.BootConfigPairingTest" time="0.003"/>
  <testcase name="leavingTheClusterRemovesEverySecretReferenceFromBothGenerations" classname="jp.ox.doorbell.BootConfigPairingTest" time="0.001"/>
  <testcase name="leavingTheClusterIsANoOpWhenNoSecretWasStored" classname="jp.ox.doorbell.BootConfigPairingTest" time="0.001"/>
  <testcase name="validIndoorSetupDoesNotRequireDoorAndInvalidDoorStationDoes" classname="jp.ox.doorbell.BootConfigPairingTest" time="0.003"/>
  <testcase name="persistsOnlyTheSecretReferenceAndMergedSeedsInBothGenerations" classname="jp.ox.doorbell.BootConfigPairingTest" time="0.003"/>
  <testcase name="firstRunRequiresSetupAndSuppliesUsableRandomDoorSuggestion" classname="jp.ox.doorbell.BootConfigPairingTest" time="0.001"/>
  <system-out><![CDATA[]]></system-out>
  <system-err><![CDATA[]]></system-err>
</testsuite>
