<?xml version="1.0" encoding="UTF-8"?>
<testsuite name="jp.ox.doorbell.ClusterDateTextTest" tests="4" skipped="0" failures="0" errors="0" timestamp="2026-09-22T17:26:48" hostname="MacBookPro.local" time="0.121">
  <properties/>
  <testcase name="deviceZoneCannotChangeTheCoreCalendarDate" classname="jp.ox.doorbell.ClusterDateTextTest" time="0.061"/>
  <testcase name="unavailableCoreCalendarIsPreservedWithoutAnOsClockFallback" classname="jp.ox.doorbell.ClusterDateTextTest" time="0.011"/>
  <testcase name="languageChangesUpdateTheSameCoreDateImmediately" classname="jp.ox.doorbell.ClusterDateTextTest" time="0.032"/>
  <testcase name="midnightAndCalendarChangesHaveNoCachedWeekday" classname="jp.ox.doorbell.ClusterDateTextTest" time="0.016"/>
  <system-out><![CDATA[]]></system-out>
  <system-err><![CDATA[]]></system-err>
</testsuite>
